Traceback (most recent call last):
  File "C:\Users\hithe\Downloads\New folder\Logistics\backend\main.py", line 889, in manual_assign_shipment
    selectinload(models.Shipment.timeline).selectinload(models.ShipmentTimeline.updated_by).selectinload(models.ShipmentTimeline.updated_by)
  File "C:\Users\hithe\AppData\Local\Programs\Python\Python311\Lib\site-packages\sqlalchemy\orm\strategy_options.py", line 408, in selectinload
    return self._set_relationship_strategy(
           ^^^^^^^^^^^^^^^^^^^^^^^^^^^^^^^^
  File "<string>", line 2, in _set_relationship_strategy
  File "C:\Users\hithe\AppData\Local\Programs\Python\Python311\Lib\site-packages\sqlalchemy\sql\base.py", line 284, in _generative
    x = fn(self, *args, **kw)
        ^^^^^^^^^^^^^^^^^^^^^
  File "C:\Users\hithe\AppData\Local\Programs\Python\Python311\Lib\site-packages\sqlalchemy\orm\strategy_options.py", line 807, in _set_relationship_strategy
    self._clone_for_bind_strategy(
  File "C:\Users\hithe\AppData\Local\Programs\Python\Python311\Lib\site-packages\sqlalchemy\orm\strategy_options.py", line 1299, in _clone_for_bind_strategy
    load_element = _AttributeStrategyLoad.create(
                   ^^^^^^^^^^^^^^^^^^^^^^^^^^^^^^
  File "C:\Users\hithe\AppData\Local\Programs\Python\Python311\Lib\site-packages\sqlalchemy\orm\strategy_options.py", line 1764, in create
    path = opt._init_path(
           ^^^^^^^^^^^^^^^
  File "C:\Users\hithe\AppData\Local\Programs\Python\Python311\Lib\site-packages\sqlalchemy\orm\strategy_options.py", line 1944, in _init_path
    _raise_for_does_not_link(path, str(attr), attr.parent)
  File "C:\Users\hithe\AppData\Local\Programs\Python\Python311\Lib\site-packages\sqlalchemy\orm\strategy_options.py", line 2544, in _raise_for_does_not_link
    raise sa_exc.ArgumentError(
sqlalchemy.exc.ArgumentError: ORM mapped entity or attribute "ShipmentTimeline.updated_by" does not link from relationship "ShipmentTimeline.updated_by".
